Connecting to database specified by database.yml
Connecting to database specified by database.yml
Connecting to database specified by database.yml
  [1m[36m (3.9ms)[0m  [1mCREATE TABLE "schema_migrations" ("version" character varying(255) NOT NULL) [0m
  [1m[35m (1.3ms)[0m  CREATE UNIQUE INDEX "unique_schema_migrations" ON "schema_migrations" ("version")
  [1m[36m (0.2ms)[0m  [1mSELECT "schema_migrations"."version" FROM "schema_migrations" [0m
Migrating to InitialSchema (20130613211030)
  [1m[35m (0.1ms)[0m  BEGIN
  [1m[36m (3.1ms)[0m  [1mCREATE TABLE "cars" ("id" serial primary key, "color" character varying(255), "model" character varying(255), "car_share_member_id" integer) [0m
  [1m[35m (4.1ms)[0m  CREATE TABLE "car_share_members" ("id" serial primary key, "first_name" character varying(255), "username" character varying(255), "password_digest" character varying(255)) 
  [1m[36m (0.2ms)[0m  [1mINSERT INTO "schema_migrations" ("version") VALUES ('20130613211030')[0m
  [1m[35m (1.1ms)[0m  COMMIT
  [1m[36m (0.4ms)[0m  [1mSELECT "schema_migrations"."version" FROM "schema_migrations" [0m
Connecting to database specified by database.yml


Started GET "/" for 127.0.0.1 at 2013-06-13 15:24:46 -0600


Started GET "/login" for 127.0.0.1 at 2013-06-13 15:24:46 -0600

SyntaxError (/Users/Luke/2013-q2-rails-1/309/app/controllers/car_controller.rb:45: syntax error, unexpected $end, expecting keyword_end):
  activesupport (3.2.13) lib/active_support/dependencies.rb:469:in `load'
  activesupport (3.2.13) lib/active_support/dependencies.rb:469:in `block in load_file'
  activesupport (3.2.13) lib/active_support/dependencies.rb:639:in `new_constants_in'
  activesupport (3.2.13) lib/active_support/dependencies.rb:468:in `load_file'
  activesupport (3.2.13) lib/active_support/dependencies.rb:353:in `require_or_load'
  activesupport (3.2.13) lib/active_support/dependencies.rb:502:in `load_missing_constant'
  activesupport (3.2.13) lib/active_support/dependencies.rb:192:in `block in const_missing'
  activesupport (3.2.13) lib/active_support/dependencies.rb:190:in `each'
  activesupport (3.2.13) lib/active_support/dependencies.rb:190:in `const_missing'
  activesupport (3.2.13) lib/active_support/inflector/methods.rb:230:in `block in constantize'
  activesupport (3.2.13) lib/active_support/inflector/methods.rb:229:in `each'
  activesupport (3.2.13) lib/active_support/inflector/methods.rb:229:in `constantize'
  activesupport (3.2.13) lib/active_support/dependencies.rb:554:in `get'
  actionpack (3.2.13) lib/action_dispatch/routing/route_set.rb:69:in `controller_reference'
  actionpack (3.2.13) lib/action_dispatch/routing/route_set.rb:54:in `controller'
  actionpack (3.2.13) lib/action_dispatch/routing/route_set.rb:32:in `call'
  journey (1.0.4) lib/journey/router.rb:68:in `block in call'
  journey (1.0.4) lib/journey/router.rb:56:in `each'
  journey (1.0.4) lib/journey/router.rb:56:in `call'
  actionpack (3.2.13) lib/action_dispatch/routing/route_set.rb:612:in `call'
  actionpack (3.2.13) lib/action_dispatch/middleware/best_standards_support.rb:17:in `call'
  rack (1.4.5) lib/rack/etag.rb:23:in `call'
  rack (1.4.5) lib/rack/conditionalget.rb:25:in `call'
  actionpack (3.2.13) lib/action_dispatch/middleware/head.rb:14:in `call'
  actionpack (3.2.13) lib/action_dispatch/middleware/params_parser.rb:21:in `call'
  actionpack (3.2.13) lib/action_dispatch/middleware/flash.rb:242:in `call'
  rack (1.4.5) lib/rack/session/abstract/id.rb:210:in `context'
  rack (1.4.5) lib/rack/session/abstract/id.rb:205:in `call'
  actionpack (3.2.13) lib/action_dispatch/middleware/cookies.rb:341:in `call'
  activerecord (3.2.13) lib/active_record/query_cache.rb:64:in `call'
  activerecord (3.2.13) lib/active_record/connection_adapters/abstract/connection_pool.rb:479:in `call'
  actionpack (3.2.13) lib/action_dispatch/middleware/callbacks.rb:28:in `block in call'
  activesupport (3.2.13) lib/active_support/callbacks.rb:405:in `_run__3161749933504352128__call__4277361651924365263__callbacks'
  activesupport (3.2.13) lib/active_support/callbacks.rb:405:in `__run_callback'
  activesupport (3.2.13) lib/active_support/callbacks.rb:385:in `_run_call_callbacks'
  activesupport (3.2.13) lib/active_support/callbacks.rb:81:in `run_callbacks'
  actionpack (3.2.13) lib/action_dispatch/middleware/callbacks.rb:27:in `call'
  actionpack (3.2.13) lib/action_dispatch/middleware/reloader.rb:65:in `call'
  actionpack (3.2.13) lib/action_dispatch/middleware/remote_ip.rb:31:in `call'
  actionpack (3.2.13) lib/action_dispatch/middleware/debug_exceptions.rb:16:in `call'
  actionpack (3.2.13) lib/action_dispatch/middleware/show_exceptions.rb:56:in `call'
  railties (3.2.13) lib/rails/rack/logger.rb:32:in `call_app'
  railties (3.2.13) lib/rails/rack/logger.rb:16:in `block in call'
  activesupport (3.2.13) lib/active_support/tagged_logging.rb:22:in `tagged'
  railties (3.2.13) lib/rails/rack/logger.rb:16:in `call'
  actionpack (3.2.13) lib/action_dispatch/middleware/request_id.rb:22:in `call'
  rack (1.4.5) lib/rack/methodoverride.rb:21:in `call'
  rack (1.4.5) lib/rack/runtime.rb:17:in `call'
  activesupport (3.2.13) lib/active_support/cache/strategy/local_cache.rb:72:in `call'
  rack (1.4.5) lib/rack/lock.rb:15:in `call'
  actionpack (3.2.13) lib/action_dispatch/middleware/static.rb:63:in `call'
  railties (3.2.13) lib/rails/engine.rb:479:in `call'
  railties (3.2.13) lib/rails/application.rb:223:in `call'
  rack (1.4.5) lib/rack/content_length.rb:14:in `call'
  railties (3.2.13) lib/rails/rack/log_tailer.rb:17:in `call'
  rack (1.4.5) lib/rack/handler/webrick.rb:59:in `service'
  /usr/local/rvm/rubies/ruby-1.9.3-p392/lib/ruby/1.9.1/webrick/httpserver.rb:138:in `service'
  /usr/local/rvm/rubies/ruby-1.9.3-p392/lib/ruby/1.9.1/webrick/httpserver.rb:94:in `run'
  /usr/local/rvm/rubies/ruby-1.9.3-p392/lib/ruby/1.9.1/webrick/server.rb:191:in `block in start_thread'


  Rendered /usr/local/rvm/gems/ruby-1.9.3-p392/gems/actionpack-3.2.13/lib/action_dispatch/middleware/templates/rescues/_trace.erb (0.8ms)
  Rendered /usr/local/rvm/gems/ruby-1.9.3-p392/gems/actionpack-3.2.13/lib/action_dispatch/middleware/templates/rescues/_request_and_response.erb (1.9ms)
  Rendered /usr/local/rvm/gems/ruby-1.9.3-p392/gems/actionpack-3.2.13/lib/action_dispatch/middleware/templates/rescues/diagnostics.erb within rescues/layout (9.1ms)


Started GET "/login" for 127.0.0.1 at 2013-06-13 15:25:38 -0600
Processing by CarController#enter_login as HTML
Completed 500 Internal Server Error in 1ms

NameError (uninitialized constant CarController::CarShareMember):
  app/controllers/car_controller.rb:3:in `enter_login'


  Rendered /usr/local/rvm/gems/ruby-1.9.3-p392/gems/actionpack-3.2.13/lib/action_dispatch/middleware/templates/rescues/_trace.erb (0.8ms)
  Rendered /usr/local/rvm/gems/ruby-1.9.3-p392/gems/actionpack-3.2.13/lib/action_dispatch/middleware/templates/rescues/_request_and_response.erb (0.6ms)
  Rendered /usr/local/rvm/gems/ruby-1.9.3-p392/gems/actionpack-3.2.13/lib/action_dispatch/middleware/templates/rescues/diagnostics.erb within rescues/layout (5.3ms)


Started GET "/login" for 127.0.0.1 at 2013-06-13 15:44:07 -0600
Processing by CarController#enter_login as HTML
Completed 500 Internal Server Error in 1ms

NameError (uninitialized constant CarController::CarShareMember):
  app/controllers/car_controller.rb:3:in `enter_login'


  Rendered /usr/local/rvm/gems/ruby-1.9.3-p392/gems/actionpack-3.2.13/lib/action_dispatch/middleware/templates/rescues/_trace.erb (0.9ms)
  Rendered /usr/local/rvm/gems/ruby-1.9.3-p392/gems/actionpack-3.2.13/lib/action_dispatch/middleware/templates/rescues/_request_and_response.erb (0.6ms)
  Rendered /usr/local/rvm/gems/ruby-1.9.3-p392/gems/actionpack-3.2.13/lib/action_dispatch/middleware/templates/rescues/diagnostics.erb within rescues/layout (5.4ms)


Started GET "/login" for 127.0.0.1 at 2013-06-13 18:07:55 -0600
Processing by CarController#enter_login as HTML
Completed 500 Internal Server Error in 1ms

NameError (uninitialized constant CarController::CarShareMember):
  app/controllers/car_controller.rb:3:in `enter_login'


  Rendered /usr/local/rvm/gems/ruby-1.9.3-p392/gems/actionpack-3.2.13/lib/action_dispatch/middleware/templates/rescues/_trace.erb (10.3ms)
  Rendered /usr/local/rvm/gems/ruby-1.9.3-p392/gems/actionpack-3.2.13/lib/action_dispatch/middleware/templates/rescues/_request_and_response.erb (0.6ms)
  Rendered /usr/local/rvm/gems/ruby-1.9.3-p392/gems/actionpack-3.2.13/lib/action_dispatch/middleware/templates/rescues/diagnostics.erb within rescues/layout (30.1ms)


Started GET "/login" for 127.0.0.1 at 2013-06-13 18:07:56 -0600
Processing by CarController#enter_login as HTML
Completed 500 Internal Server Error in 0ms

NameError (uninitialized constant CarController::CarShareMember):
  app/controllers/car_controller.rb:3:in `enter_login'


  Rendered /usr/local/rvm/gems/ruby-1.9.3-p392/gems/actionpack-3.2.13/lib/action_dispatch/middleware/templates/rescues/_trace.erb (0.8ms)
  Rendered /usr/local/rvm/gems/ruby-1.9.3-p392/gems/actionpack-3.2.13/lib/action_dispatch/middleware/templates/rescues/_request_and_response.erb (0.6ms)
  Rendered /usr/local/rvm/gems/ruby-1.9.3-p392/gems/actionpack-3.2.13/lib/action_dispatch/middleware/templates/rescues/diagnostics.erb within rescues/layout (5.3ms)


Started GET "/login" for 127.0.0.1 at 2013-06-13 18:49:59 -0600
Processing by CarController#enter_login as HTML
Completed 500 Internal Server Error in 3ms

Gem::LoadError (bcrypt-ruby is not part of the bundle. Add it to Gemfile.):
  app/models/car_share_member.rb:3:in `<class:CarShareMember>'
  app/models/car_share_member.rb:1:in `<top (required)>'
  app/controllers/car_controller.rb:3:in `enter_login'


  Rendered /usr/local/rvm/gems/ruby-1.9.3-p392/gems/actionpack-3.2.13/lib/action_dispatch/middleware/templates/rescues/_trace.erb (0.8ms)
  Rendered /usr/local/rvm/gems/ruby-1.9.3-p392/gems/actionpack-3.2.13/lib/action_dispatch/middleware/templates/rescues/_request_and_response.erb (0.6ms)
  Rendered /usr/local/rvm/gems/ruby-1.9.3-p392/gems/actionpack-3.2.13/lib/action_dispatch/middleware/templates/rescues/diagnostics.erb within rescues/layout (5.1ms)
Connecting to database specified by database.yml


Started GET "/login" for 127.0.0.1 at 2013-06-13 18:54:35 -0600
Processing by CarController#enter_login as HTML
  Rendered car/login.erb within layouts/application (1.7ms)
Compiled application.css  (0ms)  (pid 6862)
Compiled jquery.js  (1ms)  (pid 6862)
Compiled jquery_ujs.js  (0ms)  (pid 6862)
Compiled application.js  (36ms)  (pid 6862)
Completed 200 OK in 369ms (Views: 81.4ms | ActiveRecord: 256.8ms)


Started GET "/assets/application.css?body=1" for 127.0.0.1 at 2013-06-13 18:54:36 -0600
Served asset /application.css - 304 Not Modified (1ms)


Started GET "/assets/jquery_ujs.js?body=1" for 127.0.0.1 at 2013-06-13 18:54:36 -0600
Served asset /jquery_ujs.js - 304 Not Modified (1ms)


Started GET "/assets/jquery.js?body=1" for 127.0.0.1 at 2013-06-13 18:54:36 -0600
Served asset /jquery.js - 304 Not Modified (1ms)


Started GET "/assets/application.js?body=1" for 127.0.0.1 at 2013-06-13 18:54:36 -0600
Served asset /application.js - 304 Not Modified (2ms)
Connecting to database specified by database.yml
  [1m[36m (12.3ms)[0m  [1mSELECT "schema_migrations"."version" FROM "schema_migrations" [0m
Connecting to database specified by database.yml
  [1m[36m (0.4ms)[0m  [1mSELECT "schema_migrations"."version" FROM "schema_migrations" [0m
  [1m[35m (0.2ms)[0m  BEGIN
  [1m[36mSQL (17.7ms)[0m  [1mINSERT INTO "car_share_members" ("first_name", "password_digest", "username") VALUES ($1, $2, $3) RETURNING "id"[0m  [["first_name", "Jen"], ["password_digest", "$2a$10$.bWEfvFXlVYd5J4.CSdEJeZ4Pm2otdUGeH61PqFO68pP9HA8AK3qW"], ["username", "Jen"]]
  [1m[35m (24.8ms)[0m  COMMIT
Connecting to database specified by database.yml


Started GET "/login" for 127.0.0.1 at 2013-06-13 20:47:52 -0600
Processing by CarController#enter_login as HTML
  Rendered car/login.erb within layouts/application (1.7ms)
Completed 200 OK in 186ms (Views: 122.6ms | ActiveRecord: 31.3ms)


Started GET "/assets/application.css?body=1" for 127.0.0.1 at 2013-06-13 20:47:53 -0600
Served asset /application.css - 304 Not Modified (2ms)


Started GET "/assets/jquery.js?body=1" for 127.0.0.1 at 2013-06-13 20:47:53 -0600
Served asset /jquery.js - 304 Not Modified (1ms)


Started GET "/assets/jquery_ujs.js?body=1" for 127.0.0.1 at 2013-06-13 20:47:53 -0600
Served asset /jquery_ujs.js - 304 Not Modified (2ms)


Started GET "/assets/application.js?body=1" for 127.0.0.1 at 2013-06-13 20:47:53 -0600
Served asset /application.js - 304 Not Modified (19ms)


Started POST "/login" for 127.0.0.1 at 2013-06-13 20:47:58 -0600
Processing by CarController#submit_login as HTML
  Parameters: {"username"=>"Jen", "password"=>"[FILTERED]"}
WARNING: Can't verify CSRF token authenticity
  [1m[36mCarShareMember Load (57.8ms)[0m  [1mSELECT "car_share_members".* FROM "car_share_members" WHERE "car_share_members"."username" = 'Jen' LIMIT 1[0m
Redirected to http://localhost:3000/reservations
Completed 302 Found in 129ms (ActiveRecord: 57.8ms)


Started GET "/reservations" for 127.0.0.1 at 2013-06-13 20:47:58 -0600
Processing by CarController#current_reservation as HTML
  [1m[35mCarShareMember Load (0.5ms)[0m  SELECT "car_share_members".* FROM "car_share_members" WHERE "car_share_members"."id" = 1 LIMIT 1
  [1m[36mCar Load (0.3ms)[0m  [1mSELECT "cars".* FROM "cars" WHERE "cars"."car_share_member_id" = 1 LIMIT 1[0m
  [1m[35mCar Load (0.5ms)[0m  SELECT "cars".* FROM "cars" ORDER BY id
  Rendered car/reservations.erb within layouts/application (1.4ms)
Completed 200 OK in 13ms (Views: 8.4ms | ActiveRecord: 2.6ms)


Started GET "/assets/application.css?body=1" for 127.0.0.1 at 2013-06-13 20:47:58 -0600
Served asset /application.css - 304 Not Modified (0ms)


Started GET "/assets/jquery.js?body=1" for 127.0.0.1 at 2013-06-13 20:47:58 -0600
Served asset /jquery.js - 304 Not Modified (0ms)


Started GET "/assets/jquery_ujs.js?body=1" for 127.0.0.1 at 2013-06-13 20:47:58 -0600
Served asset /jquery_ujs.js - 304 Not Modified (0ms)


Started GET "/assets/application.js?body=1" for 127.0.0.1 at 2013-06-13 20:47:58 -0600
Served asset /application.js - 304 Not Modified (0ms)
